2025-09-13 21:30:52,863 - INFO - >>> SOKOLE OKO AKTYWOWANE <<< [wątek:Thread-1 (price_monitor)]
2025-09-13 21:30:52,863 - INFO - >>> URUCHAMIANIE SERWERA PRODUKCYJNEGO WAITRESS NA PORCIE 5001 <<< [wątek:MainThread]
2025-09-13 21:30:52,866 - DEBUG - Starting new HTTPS connection (1): api.binance.com:443 [wątek:Thread-1 (price_monitor)]
2025-09-13 21:30:52,867 - INFO - Serving on http://0.0.0.0:5001 [wątek:MainThread]
2025-09-13 21:30:52,904 - DEBUG - https://api.binance.com:443 "GET /api/v3/ticker/price?symbol=WLDUSDC HTTP/1.1" 200 41 [wątek:Thread-1 (price_monitor)]
2025-09-13 21:30:52,906 - DEBUG - Starting new HTTPS connection (1): api.binance.com:443 [wątek:Thread-1 (price_monitor)]
2025-09-13 21:30:52,943 - DEBUG - https://api.binance.com:443 "GET /api/v3/exchangeInfo?symbol=WLDUSDC HTTP/1.1" 200 1464 [wątek:Thread-1 (price_monitor)]
2025-09-13 21:30:57,946 - DEBUG - Starting new HTTPS connection (1): api.binance.com:443 [wątek:Thread-1 (price_monitor)]
2025-09-13 21:30:57,995 - DEBUG - https://api.binance.com:443 "GET /api/v3/ticker/price?symbol=WLDUSDC HTTP/1.1" 200 41 [wątek:Thread-1 (price_monitor)]
2025-09-13 21:30:57,998 - DEBUG - Starting new HTTPS connection (1): api.binance.com:443 [wątek:Thread-1 (price_monitor)]
2025-09-13 21:30:58,036 - DEBUG - https://api.binance.com:443 "GET /api/v3/exchangeInfo?symbol=WLDUSDC HTTP/1.1" 200 1464 [wątek:Thread-1 (price_monitor)]
2025-09-13 21:31:03,039 - DEBUG - Starting new HTTPS connection (1): api.binance.com:443 [wątek:Thread-1 (price_monitor)]
2025-09-13 21:31:03,077 - DEBUG - https://api.binance.com:443 "GET /api/v3/ticker/price?symbol=WLDUSDC HTTP/1.1" 200 41 [wątek:Thread-1 (price_monitor)]
2025-09-13 21:31:03,080 - DEBUG - Starting new HTTPS connection (1): api.binance.com:443 [wątek:Thread-1 (price_monitor)]
2025-09-13 21:31:03,119 - DEBUG - https://api.binance.com:443 "GET /api/v3/exchangeInfo?symbol=WLDUSDC HTTP/1.1" 200 1463 [wątek:Thread-1 (price_monitor)]
2025-09-13 21:31:08,121 - DEBUG - Starting new HTTPS connection (1): api.binance.com:443 [wątek:Thread-1 (price_monitor)]
2025-09-13 21:31:08,169 - DEBUG - https://api.binance.com:443 "GET /api/v3/ticker/price?symbol=WLDUSDC HTTP/1.1" 200 41 [wątek:Thread-1 (price_monitor)]
2025-09-13 21:31:08,171 - DEBUG - Starting new HTTPS connection (1): api.binance.com:443 [wątek:Thread-1 (price_monitor)]
2025-09-13 21:31:08,211 - DEBUG - https://api.binance.com:443 "GET /api/v3/exchangeInfo?symbol=WLDUSDC HTTP/1.1" 200 1464 [wątek:Thread-1 (price_monitor)]
2025-09-13 21:31:13,214 - DEBUG - Starting new HTTPS connection (1): api.binance.com:443 [wątek:Thread-1 (price_monitor)]
2025-09-13 21:31:13,254 - DEBUG - https://api.binance.com:443 "GET /api/v3/ticker/price?symbol=WLDUSDC HTTP/1.1" 200 41 [wątek:Thread-1 (price_monitor)]
2025-09-13 21:31:13,256 - DEBUG - Starting new HTTPS connection (1): api.binance.com:443 [wątek:Thread-1 (price_monitor)]
2025-09-13 21:31:13,300 - DEBUG - https://api.binance.com:443 "GET /api/v3/exchangeInfo?symbol=WLDUSDC HTTP/1.1" 200 1464 [wątek:Thread-1 (price_monitor)]
2025-09-13 21:31:18,303 - DEBUG - Starting new HTTPS connection (1): api.binance.com:443 [wątek:Thread-1 (price_monitor)]
2025-09-13 21:31:18,341 - DEBUG - https://api.binance.com:443 "GET /api/v3/ticker/price?symbol=WLDUSDC HTTP/1.1" 200 41 [wątek:Thread-1 (price_monitor)]
2025-09-13 21:31:18,345 - DEBUG - Starting new HTTPS connection (1): api.binance.com:443 [wątek:Thread-1 (price_monitor)]
2025-09-13 21:31:18,396 - DEBUG - https://api.binance.com:443 "GET /api/v3/exchangeInfo?symbol=WLDUSDC HTTP/1.1" 200 1464 [wątek:Thread-1 (price_monitor)]
2025-09-13 21:31:23,398 - DEBUG - Starting new HTTPS connection (1): api.binance.com:443 [wątek:Thread-1 (price_monitor)]
2025-09-13 21:31:23,437 - DEBUG - https://api.binance.com:443 "GET /api/v3/ticker/price?symbol=WLDUSDC HTTP/1.1" 200 41 [wątek:Thread-1 (price_monitor)]
2025-09-13 21:31:23,439 - DEBUG - Starting new HTTPS connection (1): api.binance.com:443 [wątek:Thread-1 (price_monitor)]
2025-09-13 21:31:23,477 - DEBUG - https://api.binance.com:443 "GET /api/v3/exchangeInfo?symbol=WLDUSDC HTTP/1.1" 200 1464 [wątek:Thread-1 (price_monitor)]
2025-09-13 21:31:28,479 - DEBUG - Starting new HTTPS connection (1): api.binance.com:443 [wątek:Thread-1 (price_monitor)]
2025-09-13 21:31:28,518 - DEBUG - https://api.binance.com:443 "GET /api/v3/ticker/price?symbol=WLDUSDC HTTP/1.1" 200 41 [wątek:Thread-1 (price_monitor)]
2025-09-13 21:31:28,520 - DEBUG - Starting new HTTPS connection (1): api.binance.com:443 [wątek:Thread-1 (price_monitor)]
2025-09-13 21:31:28,557 - DEBUG - https://api.binance.com:443 "GET /api/v3/exchangeInfo?symbol=WLDUSDC HTTP/1.1" 200 1464 [wątek:Thread-1 (price_monitor)]
2025-09-13 21:31:33,560 - DEBUG - Starting new HTTPS connection (1): api.binance.com:443 [wątek:Thread-1 (price_monitor)]
2025-09-13 21:31:33,598 - DEBUG - https://api.binance.com:443 "GET /api/v3/ticker/price?symbol=WLDUSDC HTTP/1.1" 200 41 [wątek:Thread-1 (price_monitor)]
2025-09-13 21:31:33,602 - DEBUG - Starting new HTTPS connection (1): api.binance.com:443 [wątek:Thread-1 (price_monitor)]
2025-09-13 21:31:33,649 - DEBUG - https://api.binance.com:443 "GET /api/v3/exchangeInfo?symbol=WLDUSDC HTTP/1.1" 200 1464 [wątek:Thread-1 (price_monitor)]
2025-09-13 21:31:38,652 - DEBUG - Starting new HTTPS connection (1): api.binance.com:443 [wątek:Thread-1 (price_monitor)]
2025-09-13 21:31:38,691 - DEBUG - https://api.binance.com:443 "GET /api/v3/ticker/price?symbol=WLDUSDC HTTP/1.1" 200 41 [wątek:Thread-1 (price_monitor)]
2025-09-13 21:31:38,694 - DEBUG - Starting new HTTPS connection (1): api.binance.com:443 [wątek:Thread-1 (price_monitor)]
2025-09-13 21:31:38,734 - DEBUG - https://api.binance.com:443 "GET /api/v3/exchangeInfo?symbol=WLDUSDC HTTP/1.1" 200 1464 [wątek:Thread-1 (price_monitor)]
2025-09-13 21:31:43,738 - DEBUG - Starting new HTTPS connection (1): api.binance.com:443 [wątek:Thread-1 (price_monitor)]
2025-09-13 21:31:43,776 - DEBUG - https://api.binance.com:443 "GET /api/v3/ticker/price?symbol=WLDUSDC HTTP/1.1" 200 41 [wątek:Thread-1 (price_monitor)]
2025-09-13 21:31:43,778 - DEBUG - Starting new HTTPS connection (1): api.binance.com:443 [wątek:Thread-1 (price_monitor)]
2025-09-13 21:31:43,818 - DEBUG - https://api.binance.com:443 "GET /api/v3/exchangeInfo?symbol=WLDUSDC HTTP/1.1" 200 1463 [wątek:Thread-1 (price_monitor)]
2025-09-13 21:31:48,821 - DEBUG - Starting new HTTPS connection (1): api.binance.com:443 [wątek:Thread-1 (price_monitor)]
2025-09-13 21:31:48,861 - DEBUG - https://api.binance.com:443 "GET /api/v3/ticker/price?symbol=WLDUSDC HTTP/1.1" 200 41 [wątek:Thread-1 (price_monitor)]
2025-09-13 21:31:48,863 - DEBUG - Starting new HTTPS connection (1): api.binance.com:443 [wątek:Thread-1 (price_monitor)]
2025-09-13 21:31:48,901 - DEBUG - https://api.binance.com:443 "GET /api/v3/exchangeInfo?symbol=WLDUSDC HTTP/1.1" 200 1464 [wątek:Thread-1 (price_monitor)]
2025-09-13 21:31:53,904 - DEBUG - Starting new HTTPS connection (1): api.binance.com:443 [wątek:Thread-1 (price_monitor)]
2025-09-13 21:31:53,945 - DEBUG - https://api.binance.com:443 "GET /api/v3/ticker/price?symbol=WLDUSDC HTTP/1.1" 200 41 [wątek:Thread-1 (price_monitor)]
2025-09-13 21:31:53,947 - DEBUG - Starting new HTTPS connection (1): api.binance.com:443 [wątek:Thread-1 (price_monitor)]
2025-09-13 21:31:53,985 - DEBUG - https://api.binance.com:443 "GET /api/v3/exchangeInfo?symbol=WLDUSDC HTTP/1.1" 200 1464 [wątek:Thread-1 (price_monitor)]
2025-09-13 21:31:58,988 - DEBUG - Starting new HTTPS connection (1): api.binance.com:443 [wątek:Thread-1 (price_monitor)]
2025-09-13 21:31:59,026 - DEBUG - https://api.binance.com:443 "GET /api/v3/ticker/price?symbol=WLDUSDC HTTP/1.1" 200 41 [wątek:Thread-1 (price_monitor)]
2025-09-13 21:31:59,029 - DEBUG - Starting new HTTPS connection (1): api.binance.com:443 [wątek:Thread-1 (price_monitor)]
2025-09-13 21:31:59,070 - DEBUG - https://api.binance.com:443 "GET /api/v3/exchangeInfo?symbol=WLDUSDC HTTP/1.1" 200 1464 [wątek:Thread-1 (price_monitor)]
2025-09-13 21:32:04,073 - DEBUG - Starting new HTTPS connection (1): api.binance.com:443 [wątek:Thread-1 (price_monitor)]
2025-09-13 21:32:04,115 - DEBUG - https://api.binance.com:443 "GET /api/v3/ticker/price?symbol=WLDUSDC HTTP/1.1" 200 41 [wątek:Thread-1 (price_monitor)]
2025-09-13 21:32:04,117 - DEBUG - Starting new HTTPS connection (1): api.binance.com:443 [wątek:Thread-1 (price_monitor)]
2025-09-13 21:32:04,158 - DEBUG - https://api.binance.com:443 "GET /api/v3/exchangeInfo?symbol=WLDUSDC HTTP/1.1" 200 1464 [wątek:Thread-1 (price_monitor)]
2025-09-13 21:32:09,161 - DEBUG - Starting new HTTPS connection (1): api.binance.com:443 [wątek:Thread-1 (price_monitor)]
2025-09-13 21:32:09,213 - DEBUG - https://api.binance.com:443 "GET /api/v3/ticker/price?symbol=WLDUSDC HTTP/1.1" 200 41 [wątek:Thread-1 (price_monitor)]
2025-09-13 21:32:09,216 - DEBUG - Starting new HTTPS connection (1): api.binance.com:443 [wątek:Thread-1 (price_monitor)]
2025-09-13 21:32:09,254 - DEBUG - https://api.binance.com:443 "GET /api/v3/exchangeInfo?symbol=WLDUSDC HTTP/1.1" 200 1464 [wątek:Thread-1 (price_monitor)]
2025-09-13 21:32:14,258 - DEBUG - Starting new HTTPS connection (1): api.binance.com:443 [wątek:Thread-1 (price_monitor)]
2025-09-13 21:32:14,302 - DEBUG - https://api.binance.com:443 "GET /api/v3/ticker/price?symbol=WLDUSDC HTTP/1.1" 200 41 [wątek:Thread-1 (price_monitor)]
2025-09-13 21:32:14,305 - DEBUG - Starting new HTTPS connection (1): api.binance.com:443 [wątek:Thread-1 (price_monitor)]
2025-09-13 21:32:14,346 - DEBUG - https://api.binance.com:443 "GET /api/v3/exchangeInfo?symbol=WLDUSDC HTTP/1.1" 200 1464 [wątek:Thread-1 (price_monitor)]
2025-09-13 21:32:19,349 - DEBUG - Starting new HTTPS connection (1): api.binance.com:443 [wątek:Thread-1 (price_monitor)]
2025-09-13 21:32:19,388 - DEBUG - https://api.binance.com:443 "GET /api/v3/ticker/price?symbol=WLDUSDC HTTP/1.1" 200 41 [wątek:Thread-1 (price_monitor)]
2025-09-13 21:32:19,391 - DEBUG - Starting new HTTPS connection (1): api.binance.com:443 [wątek:Thread-1 (price_monitor)]
2025-09-13 21:32:19,429 - DEBUG - https://api.binance.com:443 "GET /api/v3/exchangeInfo?symbol=WLDUSDC HTTP/1.1" 200 1464 [wątek:Thread-1 (price_monitor)]
2025-09-13 21:32:24,431 - DEBUG - Starting new HTTPS connection (1): api.binance.com:443 [wątek:Thread-1 (price_monitor)]
2025-09-13 21:32:24,474 - DEBUG - https://api.binance.com:443 "GET /api/v3/ticker/price?symbol=WLDUSDC HTTP/1.1" 200 41 [wątek:Thread-1 (price_monitor)]
2025-09-13 21:32:24,477 - DEBUG - Starting new HTTPS connection (1): api.binance.com:443 [wątek:Thread-1 (price_monitor)]
2025-09-13 21:32:24,515 - DEBUG - https://api.binance.com:443 "GET /api/v3/exchangeInfo?symbol=WLDUSDC HTTP/1.1" 200 1463 [wątek:Thread-1 (price_monitor)]
2025-09-13 21:32:29,519 - DEBUG - Starting new HTTPS connection (1): api.binance.com:443 [wątek:Thread-1 (price_monitor)]
2025-09-13 21:32:29,562 - DEBUG - https://api.binance.com:443 "GET /api/v3/ticker/price?symbol=WLDUSDC HTTP/1.1" 200 41 [wątek:Thread-1 (price_monitor)]
2025-09-13 21:32:29,565 - DEBUG - Starting new HTTPS connection (1): api.binance.com:443 [wątek:Thread-1 (price_monitor)]
2025-09-13 21:32:29,605 - DEBUG - https://api.binance.com:443 "GET /api/v3/exchangeInfo?symbol=WLDUSDC HTTP/1.1" 200 1464 [wątek:Thread-1 (price_monitor)]
2025-09-13 21:32:34,608 - DEBUG - Starting new HTTPS connection (1): api.binance.com:443 [wątek:Thread-1 (price_monitor)]
2025-09-13 21:32:34,648 - DEBUG - https://api.binance.com:443 "GET /api/v3/ticker/price?symbol=WLDUSDC HTTP/1.1" 200 41 [wątek:Thread-1 (price_monitor)]
2025-09-13 21:32:34,653 - DEBUG - Starting new HTTPS connection (1): api.binance.com:443 [wątek:Thread-1 (price_monitor)]
2025-09-13 21:32:34,720 - DEBUG - https://api.binance.com:443 "GET /api/v3/exchangeInfo?symbol=WLDUSDC HTTP/1.1" 200 1463 [wątek:Thread-1 (price_monitor)]
2025-09-13 21:32:39,723 - DEBUG - Starting new HTTPS connection (1): api.binance.com:443 [wątek:Thread-1 (price_monitor)]
2025-09-13 21:32:39,776 - DEBUG - https://api.binance.com:443 "GET /api/v3/ticker/price?symbol=WLDUSDC HTTP/1.1" 200 41 [wątek:Thread-1 (price_monitor)]
2025-09-13 21:32:39,781 - DEBUG - Starting new HTTPS connection (1): api.binance.com:443 [wątek:Thread-1 (price_monitor)]
2025-09-13 21:32:39,835 - DEBUG - https://api.binance.com:443 "GET /api/v3/exchangeInfo?symbol=WLDUSDC HTTP/1.1" 200 1464 [wątek:Thread-1 (price_monitor)]
2025-09-13 21:32:44,838 - DEBUG - Starting new HTTPS connection (1): api.binance.com:443 [wątek:Thread-1 (price_monitor)]
2025-09-13 21:32:44,878 - DEBUG - https://api.binance.com:443 "GET /api/v3/ticker/price?symbol=WLDUSDC HTTP/1.1" 200 41 [wątek:Thread-1 (price_monitor)]
2025-09-13 21:32:44,880 - DEBUG - Starting new HTTPS connection (1): api.binance.com:443 [wątek:Thread-1 (price_monitor)]
2025-09-13 21:32:44,919 - DEBUG - https://api.binance.com:443 "GET /api/v3/exchangeInfo?symbol=WLDUSDC HTTP/1.1" 200 1464 [wątek:Thread-1 (price_monitor)]
2025-09-13 21:32:49,922 - DEBUG - Starting new HTTPS connection (1): api.binance.com:443 [wątek:Thread-1 (price_monitor)]
2025-09-13 21:32:49,965 - DEBUG - https://api.binance.com:443 "GET /api/v3/ticker/price?symbol=WLDUSDC HTTP/1.1" 200 41 [wątek:Thread-1 (price_monitor)]
2025-09-13 21:32:49,968 - DEBUG - Starting new HTTPS connection (1): api.binance.com:443 [wątek:Thread-1 (price_monitor)]
2025-09-13 21:32:50,010 - DEBUG - https://api.binance.com:443 "GET /api/v3/exchangeInfo?symbol=WLDUSDC HTTP/1.1" 200 1464 [wątek:Thread-1 (price_monitor)]
2025-09-13 21:32:55,014 - DEBUG - Starting new HTTPS connection (1): api.binance.com:443 [wątek:Thread-1 (price_monitor)]
2025-09-13 21:32:55,051 - DEBUG - https://api.binance.com:443 "GET /api/v3/ticker/price?symbol=WLDUSDC HTTP/1.1" 200 41 [wątek:Thread-1 (price_monitor)]
2025-09-13 21:32:55,053 - DEBUG - Starting new HTTPS connection (1): api.binance.com:443 [wątek:Thread-1 (price_monitor)]
2025-09-13 21:32:55,092 - DEBUG - https://api.binance.com:443 "GET /api/v3/exchangeInfo?symbol=WLDUSDC HTTP/1.1" 200 1464 [wątek:Thread-1 (price_monitor)]
2025-09-13 21:33:00,095 - DEBUG - Starting new HTTPS connection (1): api.binance.com:443 [wątek:Thread-1 (price_monitor)]
2025-09-13 21:33:00,136 - DEBUG - https://api.binance.com:443 "GET /api/v3/ticker/price?symbol=WLDUSDC HTTP/1.1" 200 41 [wątek:Thread-1 (price_monitor)]
2025-09-13 21:33:00,138 - DEBUG - Starting new HTTPS connection (1): api.binance.com:443 [wątek:Thread-1 (price_monitor)]
2025-09-13 21:33:00,185 - DEBUG - https://api.binance.com:443 "GET /api/v3/exchangeInfo?symbol=WLDUSDC HTTP/1.1" 200 1463 [wątek:Thread-1 (price_monitor)]
2025-09-13 21:33:05,189 - DEBUG - Starting new HTTPS connection (1): api.binance.com:443 [wątek:Thread-1 (price_monitor)]
2025-09-13 21:33:05,230 - DEBUG - https://api.binance.com:443 "GET /api/v3/ticker/price?symbol=WLDUSDC HTTP/1.1" 200 41 [wątek:Thread-1 (price_monitor)]
2025-09-13 21:33:05,233 - DEBUG - Starting new HTTPS connection (1): api.binance.com:443 [wątek:Thread-1 (price_monitor)]
2025-09-13 21:33:05,277 - DEBUG - https://api.binance.com:443 "GET /api/v3/exchangeInfo?symbol=WLDUSDC HTTP/1.1" 200 1464 [wątek:Thread-1 (price_monitor)]
2025-09-13 21:33:10,282 - DEBUG - Starting new HTTPS connection (1): api.binance.com:443 [wątek:Thread-1 (price_monitor)]
2025-09-13 21:33:10,327 - DEBUG - https://api.binance.com:443 "GET /api/v3/ticker/price?symbol=WLDUSDC HTTP/1.1" 200 41 [wątek:Thread-1 (price_monitor)]
2025-09-13 21:33:10,329 - DEBUG - Starting new HTTPS connection (1): api.binance.com:443 [wątek:Thread-1 (price_monitor)]
2025-09-13 21:33:10,372 - DEBUG - https://api.binance.com:443 "GET /api/v3/exchangeInfo?symbol=WLDUSDC HTTP/1.1" 200 1464 [wątek:Thread-1 (price_monitor)]
2025-09-13 21:33:15,375 - INFO - >>> SOKOLE OKO DEZAKTYWOWANE <<< [wątek:Thread-1 (price_monitor)]
